0 info it worked if it ends with ok
1 verbose cli [ '/Users/suryapatil/.nvm/v0.10.31/bin/node',
1 verbose cli   '/Users/suryapatil/.nvm/v0.10.31/bin/npm',
1 verbose cli   'install',
1 verbose cli   '-g',
1 verbose cli   'n' ]
2 info using npm@1.4.23
3 info using node@v0.10.31
4 verbose cache add [ 'n', null ]
5 verbose cache add name=undefined spec="n" args=["n",null]
6 verbose parsed url { protocol: null,
6 verbose parsed url   slashes: null,
6 verbose parsed url   auth: null,
6 verbose parsed url   host: null,
6 verbose parsed url   port: null,
6 verbose parsed url   hostname: null,
6 verbose parsed url   hash: null,
6 verbose parsed url   search: null,
6 verbose parsed url   query: null,
6 verbose parsed url   pathname: 'n',
6 verbose parsed url   path: 'n',
6 verbose parsed url   href: 'n' }
7 silly lockFile d1854cae-n n
8 verbose lock n /Users/suryapatil/.npm/d1854cae-n.lock
9 silly lockFile d1854cae-n n
10 silly lockFile d1854cae-n n
11 verbose addNamed [ 'n', '' ]
12 verbose addNamed [ null, '*' ]
13 silly lockFile 6b58d7dc-n n@
14 verbose lock n@ /Users/suryapatil/.npm/6b58d7dc-n.lock
15 silly addNameRange { name: 'n', range: '*', hasData: false }
16 verbose request where is /n
17 verbose request registry https://registry.npmjs.org/
18 verbose request id e14dfd63f653714f
19 verbose url raw /n
20 verbose url resolving [ 'https://registry.npmjs.org/', './n' ]
21 verbose url resolved https://registry.npmjs.org/n
22 verbose request where is https://registry.npmjs.org/n
23 info trying registry request attempt 1 at 23:24:03
24 verbose etag W/"809c204224b54f5933485a65134dafb0"
25 http GET https://registry.npmjs.org/n
26 http 304 https://registry.npmjs.org/n
27 silly registry.get cb [ 304,
27 silly registry.get   { date: 'Sun, 13 Feb 2022 04:24:03 GMT',
27 silly registry.get     connection: 'keep-alive',
27 silly registry.get     'cf-ray': '6dcb48ed8947e768-EWR',
27 silly registry.get     'cache-control': 'public, max-age=300',
27 silly registry.get     etag: '"809c204224b54f5933485a65134dafb0"',
27 silly registry.get     'last-modified': 'Sat, 08 Jan 2022 21:06:33 GMT',
27 silly registry.get     vary: 'Accept-Encoding',
27 silly registry.get     'cf-cache-status': 'REVALIDATED',
27 silly registry.get     'expect-ct': 'max-age=604800, report-uri="https://report-uri.cloudflare.com/cdn-cgi/beacon/expect-ct"',
27 silly registry.get     'x-amz-replication-status': 'COMPLETED',
27 silly registry.get     server: 'cloudflare' } ]
28 verbose etag https://registry.npmjs.org/n from cache
29 silly addNameRange number 2 { name: 'n', range: '*', hasData: true }
30 silly addNameRange versions [ 'n',
30 silly addNameRange   [ '0.0.1',
30 silly addNameRange     '0.0.2',
30 silly addNameRange     '0.0.3',
30 silly addNameRange     '0.0.4',
30 silly addNameRange     '0.1.0',
30 silly addNameRange     '0.1.1',
30 silly addNameRange     '0.1.2',
30 silly addNameRange     '0.2.0',
30 silly addNameRange     '0.2.1',
30 silly addNameRange     '0.2.2',
30 silly addNameRange     '0.3.0',
30 silly addNameRange     '0.4.0',
30 silly addNameRange     '0.4.1',
30 silly addNameRange     '0.4.2',
30 silly addNameRange     '0.5.0',
30 silly addNameRange     '0.5.1',
30 silly addNameRange     '0.5.2',
30 silly addNameRange     '0.5.3',
30 silly addNameRange     '0.5.4',
30 silly addNameRange     '0.6.0',
30 silly addNameRange     '0.6.1',
30 silly addNameRange     '0.7.0',
30 silly addNameRange     '0.7.1',
30 silly addNameRange     '0.7.2',
30 silly addNameRange     '0.7.3',
30 silly addNameRange     '0.8.0',
30 silly addNameRange     '0.8.1',
30 silly addNameRange     '0.8.2',
30 silly addNameRange     '0.9.0',
30 silly addNameRange     '0.9.1',
30 silly addNameRange     '0.9.2',
30 silly addNameRange     '0.9.3',
30 silly addNameRange     '1.0.0',
30 silly addNameRange     '1.1.0',
30 silly addNameRange     '1.2.1',
30 silly addNameRange     '1.2.2',
30 silly addNameRange     '1.2.3',
30 silly addNameRange     '1.2.4',
30 silly addNameRange     '1.2.5',
30 silly addNameRange     '1.2.6',
30 silly addNameRange     '1.2.7',
30 silly addNameRange     '1.2.8',
30 silly addNameRange     '1.2.9',
30 silly addNameRange     '1.2.11',
30 silly addNameRange     '1.2.13',
30 silly addNameRange     '1.2.14',
30 silly addNameRange     '1.3.0',
30 silly addNameRange     '1.4.0',
30 silly addNameRange     '2.0.0',
30 silly addNameRange     '1.4.1',
30 silly addNameRange     '2.0.1',
30 silly addNameRange     '1.4.2',
30 silly addNameRange     '2.0.2',
30 silly addNameRange     '2.1.0',
30 silly addNameRange     '2.1.1',
30 silly addNameRange     '2.1.2',
30 silly addNameRange     '2.1.3',
30 silly addNameRange     '2.1.4',
30 silly addNameRange     '2.1.5',
30 silly addNameRange     '2.1.6',
30 silly addNameRange     '2.1.7',
30 silly addNameRange     '2.1.8',
30 silly addNameRange     '2.1.9',
30 silly addNameRange     '2.1.10',
30 silly addNameRange     '2.1.11',
30 silly addNameRange     '2.1.12',
30 silly addNameRange     '3.0.0',
30 silly addNameRange     '3.0.1',
30 silly addNameRange     '3.0.2',
30 silly addNameRange     '4.0.0',
30 silly addNameRange     '4.1.0',
30 silly addNameRange     '5.0.0-next.0',
30 silly addNameRange     '5.0.0',
30 silly addNameRange     '5.0.1',
30 silly addNameRange     '5.0.2',
30 silly addNameRange     '6.0.0-0',
30 silly addNameRange     '6.0.0-1',
30 silly addNameRange     '6.0.0',
30 silly addNameRange     '6.0.1',
30 silly addNameRange     '6.1.0',
30 silly addNameRange     '6.1.1',
30 silly addNameRange     '6.1.2',
30 silly addNameRange     '6.1.3',
30 silly addNameRange     '6.2.0',
30 silly addNameRange     '6.3.0',
30 silly addNameRange     '6.3.1',
30 silly addNameRange     '6.4.0',
30 silly addNameRange     '6.5.0',
30 silly addNameRange     '6.5.1',
30 silly addNameRange     '6.6.0',
30 silly addNameRange     '6.7.0',
30 silly addNameRange     '6.7.1',
30 silly addNameRange     '6.8.0',
30 silly addNameRange     '7.0.0',
30 silly addNameRange     '7.0.1',
30 silly addNameRange     '7.0.2',
30 silly addNameRange     '7.1.0',
30 silly addNameRange     '7.2.0',
30 silly addNameRange     '7.2.1',
30 silly addNameRange     '7.2.2',
30 silly addNameRange     '7.3.0',
30 silly addNameRange     '7.3.1',
30 silly addNameRange     '7.4.0',
30 silly addNameRange     '7.4.1',
30 silly addNameRange     '7.5.0',
30 silly addNameRange     '8.0.0',
30 silly addNameRange     '8.0.1',
30 silly addNameRange     '8.0.2' ] ]
31 verbose addNamed [ 'n', '8.0.2' ]
32 verbose addNamed [ '8.0.2', '8.0.2' ]
33 silly lockFile d1de91c7-n-8-0-2 n@8.0.2
34 verbose lock n@8.0.2 /Users/suryapatil/.npm/d1de91c7-n-8-0-2.lock
35 silly lockFile d1de91c7-n-8-0-2 n@8.0.2
36 silly lockFile d1de91c7-n-8-0-2 n@8.0.2
37 silly lockFile 6b58d7dc-n n@
38 silly lockFile 6b58d7dc-n n@
39 silly resolved [ { name: 'n',
39 silly resolved     description: 'Interactively Manage All Your Node Versions',
39 silly resolved     version: '8.0.2',
39 silly resolved     author: { name: 'TJ Holowaychuk', email: 'tj@vision-media.ca' },
39 silly resolved     homepage: 'https://github.com/tj/n',
39 silly resolved     bugs: { url: 'https://github.com/tj/n/issues' },
39 silly resolved     contributors: [ [Object] ],
39 silly resolved     keywords:
39 silly resolved      [ 'nvm',
39 silly resolved        'node',
39 silly resolved        'version',
39 silly resolved        'manager',
39 silly resolved        'switcher',
39 silly resolved        'node',
39 silly resolved        'binary',
39 silly resolved        'env' ],
39 silly resolved     bin: { n: 'bin/n' },
39 silly resolved     repository: { type: 'git', url: 'git://github.com/tj/n.git' },
39 silly resolved     scripts: { test: 'test/bin/run-all-tests' },
39 silly resolved     devDependencies:
39 silly resolved      { bats: '^1.2.1',
39 silly resolved        'bats-assert': 'github:bats-core/bats-assert',
39 silly resolved        'bats-support': 'github:bats-core/bats-support' },
39 silly resolved     preferGlobal: true,
39 silly resolved     os: [ '!win32' ],
39 silly resolved     engines: { node: '*' },
39 silly resolved     license: 'MIT',
39 silly resolved     gitHead: '885009cd3d82f45bd6a73c2111ba8e7ea2691777',
39 silly resolved     _id: 'n@8.0.2',
39 silly resolved     _nodeVersion: '16.13.1',
39 silly resolved     _npmVersion: '8.1.2',
39 silly resolved     dist:
39 silly resolved      { integrity: 'sha512-IvKMeWenkEntHnktypexqIi1BCTQc0Po1+zBanui+flF4dwHtsV+B2WNkx6KAMCqlTHyIisSddj1Y7EbnKRgXQ==',
39 silly resolved        shasum: '8dec9c90245309e4d0b78d8c89b0ea5588e021c7',
39 silly resolved        tarball: 'https://registry.npmjs.org/n/-/n-8.0.2.tgz',
39 silly resolved        fileCount: 4,
39 silly resolved        unpackedSize: 61267,
39 silly resolved        'npm-signature': '-----BEGIN PGP SIGNATURE-----\r\nVersion: OpenPGP.js v3.0.13\r\nComment: https://openpgpjs.org\r\n\r\nwsFcBAEBCAAQBQJh2fzUCRA9TVsSAnZWagAALgEP+QBAr1u+LV18xhuIX+2G\nFqgmXwjHYSYiE7OBkQw4/X6/ETySC8WC6cWavUNF+jgJt8NjDAW7PAN3LWlg\npM3bCljx4vAffCXB9xlLtcFSpyUEMmxpI7/OyvfYTC1hkBjutAo9uSbT6wHc\noJ1iU9McjBY/ylnA3xYWsfccWg2noY02LpEYduZSYYYBXfAtBbBScbl1hldC\nmF6H29qzmIPTRoGuXR5zxzgvmxHFqeMOTxuYaZlctxF+zuzqZCHE4iQHyl0n\nCUy7UkNskKLxRvDVLbmLXcXmw6OFmQ8kGM3B7SkJphCS1JkK3nmRW+jdDD1S\niIvAq2fFDXJLOwGB7LVYzbID98QfLCM+7lF/ma2IVRbBnQDk7cFCkXvjMzL8\nwIyreou/w79kPykN7CbnCmwl5/KN+xW5s7HGrsz7XUWZFxINPkfuGpLJm7MI\nLytZoHh8whAe7DGu/gB2dji9+TsiKGg4swINhzPkk9LbsI6rddwKFoZoWivd\ntaln+LTvVEz1ATLlhsZjeWnLatg0/y18Zs7xKvycQdXhG5hfqH6jFrJwHSMv\nkW3TT4pCh11FAcYfBXleWgRWEBUW+lJg/Gte7dwh4Jn7SasDadRK+51x4EfO\nEN4ooPfwuUj9hzpfCwmnBO0lGtt3I16ri2o3plsrbKfZJY5UuK7c+mtDF6Ga\n9e6f\r\n=hFV1\r\n-----END PGP SIGNATURE-----\r\n' },
39 silly resolved     _npmUser: { name: 'shadowspawn', email: 'npm_j@ruru.gen.nz' },
39 silly resolved     directories: {},
39 silly resolved     maintainers: [ [Object], [Object], [Object], [Object], [Object], [Object] ],
39 silly resolved     _npmOperationalInternal:
39 silly resolved      { host: 's3://npm-registry-packages',
39 silly resolved        tmp: 'tmp/n_8.0.2_1641675987846_0.8912493156192149' },
39 silly resolved     _hasShrinkwrap: false,
39 silly resolved     _shasum: '8dec9c90245309e4d0b78d8c89b0ea5588e021c7',
39 silly resolved     _from: 'n@',
39 silly resolved     _resolved: 'https://registry.npmjs.org/n/-/n-8.0.2.tgz',
39 silly resolved     readme: 'ERROR: No README data found!' } ]
40 info install n@8.0.2 into /Users/suryapatil/.nvm/v0.10.31/lib
41 info installOne n@8.0.2
42 verbose lib/node_modules/n unbuild
43 info preuninstall n@8.0.2
44 info uninstall n@8.0.2
45 verbose true,/Users/suryapatil/.nvm/v0.10.31/lib/node_modules,/Users/suryapatil/.nvm/v0.10.31/lib/node_modules unbuild n@8.0.2
46 verbose /Users/suryapatil/.nvm/v0.10.31/bin,[object Object] binRoot
47 info postuninstall n@8.0.2
48 verbose lib/node_modules/n unbuild
49 info preuninstall n@8.0.2
50 info uninstall n@8.0.2
51 verbose true,/Users/suryapatil/.nvm/v0.10.31/lib/node_modules,/Users/suryapatil/.nvm/v0.10.31/lib/node_modules unbuild n@8.0.2
52 verbose /Users/suryapatil/.nvm/v0.10.31/bin,[object Object] binRoot
53 info postuninstall n@8.0.2
54 error error rolling back Error: EACCES, unlink '/Users/suryapatil/.nvm/v0.10.31/lib/node_modules/n/LICENSE'
54 error error rolling back  n@8.0.2 { [Error: EACCES, unlink '/Users/suryapatil/.nvm/v0.10.31/lib/node_modules/n/LICENSE']
54 error error rolling back   errno: 3,
54 error error rolling back   code: 'EACCES',
54 error error rolling back   path: '/Users/suryapatil/.nvm/v0.10.31/lib/node_modules/n/LICENSE' }
55 error Error: EACCES, unlink '/Users/suryapatil/.nvm/v0.10.31/lib/node_modules/n/README.md'
55 error  { [Error: EACCES, unlink '/Users/suryapatil/.nvm/v0.10.31/lib/node_modules/n/README.md']
55 error   errno: 3,
55 error   code: 'EACCES',
55 error   path: '/Users/suryapatil/.nvm/v0.10.31/lib/node_modules/n/README.md' }
56 error Please try running this command again as root/Administrator.
57 error System Darwin 20.6.0
58 error command "/Users/suryapatil/.nvm/v0.10.31/bin/node" "/Users/suryapatil/.nvm/v0.10.31/bin/npm" "install" "-g" "n"
59 error cwd /Users/suryapatil/HopperHacks
60 error node -v v0.10.31
61 error npm -v 1.4.23
62 error path /Users/suryapatil/.nvm/v0.10.31/lib/node_modules/n/README.md
63 error code EACCES
64 error errno 3
65 error stack Error: EACCES, unlink '/Users/suryapatil/.nvm/v0.10.31/lib/node_modules/n/README.md'
66 verbose exit [ 3, true ]
